<?xml version="1.0" encoding="UTF-8"?>
<testsuite name="de.hda.fbi.db2.stud.MainTest" tests="1" skipped="0" failures="0" errors="0" timestamp="2018-11-15T16:32:06" hostname="DESKTOP-5PP863R" time="0.003">
  <properties/>
  <testcase name="testMainHasAGreeting" classname="de.hda.fbi.db2.stud.MainTest" time="0.003"/>
  <system-out><![CDATA[]]></system-out>
  <system-err><![CDATA[]]></system-err>
</testsuite>
